[root@ip-172-31-40-38 work]# cellranger count --id=pbmc_1k_v3 \
> --transcriptome=./refdata-cellranger-GRCh38-3.0.0 \
> --fastqs=./pbmc_1k_v3_fastqs/ \
> --expect-cells=1000 \
> --uiport=80
/work/cellranger-3.0.2/cellranger-cs/3.0.2/bin
cellranger count (3.0.2)
Copyright (c) 2019 10x Genomics, Inc.  All rights reserved.
-------------------------------------------------------------------------------

Martian Runtime - '3.0.2-v3.2.0'
Serving UI at http://ip-172-31-40-38:80?auth=-I0Z8ST8Uj0IDONEsVwCIrnp8YTkSCVfUXJiOQPzrYc

Running preflight checks (please wait)...
2019-01-30 06:12:13 [runtime] (ready)           ID.pbmc_1k_v3.SC_RNA_COUNTER_CS.EXPAND_SAMPLE_DEF
2019-01-30 06:12:13 [runtime] (run:local)       ID.pbmc_1k_v3.SC_RNA_COUNTER_CS.EXPAND_SAMPLE_DEF.fork0.chnk0.main
2019-01-30 06:12:14 [runtime] (chunks_complete) ID.pbmc_1k_v3.SC_RNA_COUNTER_CS.EXPAND_SAMPLE_DEF
Checking sample info...
Checking FASTQ folder...
Checking reference...
Checking reference_path (/work/./refdata-cellranger-GRCh38-3.0.0) on ip-172-31-40-38...
Checking chemistry...
Checking optional arguments...
mrc: '3.0.2-v3.2.0'

mrp: '3.0.2-v3.2.0'

Anaconda: Python 2.7.14 :: Anaconda, Inc.

numpy: 1.14.2

scipy: 1.0.1

pysam: 0.14.1

h5py: 2.8.0

pandas: 0.22.0

STAR: STAR_2.5.1b

samtools: samtools 1.7
Using htslib 1.7
Copyright (C) 2018 Genome Research Ltd.

2019-01-30 06:12:16 [runtime] (ready)           ID.pbmc_1k_v3.SC_RNA_COUNTER_CS.SC_RNA_COUNTER.CHEMISTRY_DETECTOR.DETECT_CHEMISTRY
2019-01-30 06:12:16 [runtime] (run:local)       ID.pbmc_1k_v3.SC_RNA_COUNTER_CS.SC_RNA_COUNTER.CHEMISTRY_DETECTOR.DETECT_CHEMISTRY.fork0.chnk0.main
2019-01-30 06:12:16 [runtime] (ready)           ID.pbmc_1k_v3.SC_RNA_COUNTER_CS.SC_RNA_COUNTER.DISABLE_FEATURE_STAGES
2019-01-30 06:12:16 [runtime] (run:local)       ID.pbmc_1k_v3.SC_RNA_COUNTER_CS.SC_RNA_COUNTER.DISABLE_FEATURE_STAGES.fork0.chnk0.main
2019-01-30 06:12:16 [runtime] (ready)           ID.pbmc_1k_v3.SC_RNA_COUNTER_CS.SC_RNA_COUNTER.SC_RNA_ANALYZER.CHOOSE_DIMENSION_REDUCTION
2019-01-30 06:12:16 [runtime] (run:local)       ID.pbmc_1k_v3.SC_RNA_COUNTER_CS.SC_RNA_COUNTER.SC_RNA_ANALYZER.CHOOSE_DIMENSION_REDUCTION.fork0.chnk0.main
2019-01-30 06:12:16 [runtime] (chunks_complete) ID.pbmc_1k_v3.SC_RNA_COUNTER_CS.SC_RNA_COUNTER.SC_RNA_ANALYZER.CHOOSE_DIMENSION_REDUCTION
2019-01-30 06:12:16 [runtime] (chunks_complete) ID.pbmc_1k_v3.SC_RNA_COUNTER_CS.SC_RNA_COUNTER.DISABLE_FEATURE_STAGES
2019-01-30 06:12:19 [runtime] (progress)        ID.pbmc_1k_v3.SC_RNA_COUNTER_CS.SC_RNA_COUNTER.CHEMISTRY_DETECTOR.DETECT_CHEMISTRY.fork0.chnk0: Building transcriptome...
2019-01-30 06:12:58 [runtime] (progress)        ID.pbmc_1k_v3.SC_RNA_COUNTER_CS.SC_RNA_COUNTER.CHEMISTRY_DETECTOR.DETECT_CHEMISTRY.fork0.chnk0: Building kmer index...
2019-01-30 06:14:23 [runtime] (progress)        ID.pbmc_1k_v3.SC_RNA_COUNTER_CS.SC_RNA_COUNTER.CHEMISTRY_DETECTOR.DETECT_CHEMISTRY.fork0.chnk0: Mapping reads...
2019-01-30 06:14:35 [runtime] (chunks_complete) ID.pbmc_1k_v3.SC_RNA_COUNTER_CS.SC_RNA_COUNTER.CHEMISTRY_DETECTOR.DETECT_CHEMISTRY
2019-01-30 06:14:35 [runtime] (ready)           ID.pbmc_1k_v3.SC_RNA_COUNTER_CS.SC_RNA_COUNTER.SETUP_CHUNKS
2019-01-30 06:14:35 [runtime] (run:local)       ID.pbmc_1k_v3.SC_RNA_COUNTER_CS.SC_RNA_COUNTER.SETUP_CHUNKS.fork0.chnk0.main
2019-01-30 06:14:36 [runtime] (chunks_complete) ID.pbmc_1k_v3.SC_RNA_COUNTER_CS.SC_RNA_COUNTER.SETUP_CHUNKS
2019-01-30 06:14:36 [runtime] (ready)           ID.pbmc_1k_v3.SC_RNA_COUNTER_CS.SC_RNA_COUNTER._BASIC_SC_RNA_COUNTER.CHUNK_READS
2019-01-30 06:14:36 [runtime] (run:local)       ID.pbmc_1k_v3.SC_RNA_COUNTER_CS.SC_RNA_COUNTER._BASIC_SC_RNA_COUNTER.CHUNK_READS.fork0.split
2019-01-30 06:14:36 [runtime] (ready)           ID.pbmc_1k_v3.SC_RNA_COUNTER_CS.SC_RNA_COUNTER.CHECK_BARCODES_COMPATIBILITY
2019-01-30 06:14:36 [runtime] (run:local)       ID.pbmc_1k_v3.SC_RNA_COUNTER_CS.SC_RNA_COUNTER.CHECK_BARCODES_COMPATIBILITY.fork0.split
2019-01-30 06:14:36 [runtime] (split_complete)  ID.pbmc_1k_v3.SC_RNA_COUNTER_CS.SC_RNA_COUNTER._BASIC_SC_RNA_COUNTER.CHUNK_READS
2019-01-30 06:14:36 [runtime] (run:local)       ID.pbmc_1k_v3.SC_RNA_COUNTER_CS.SC_RNA_COUNTER._BASIC_SC_RNA_COUNTER.CHUNK_READS.fork0.chnk0.main
2019-01-30 06:14:36 [runtime] (run:local)       ID.pbmc_1k_v3.SC_RNA_COUNTER_CS.SC_RNA_COUNTER._BASIC_SC_RNA_COUNTER.CHUNK_READS.fork0.chnk1.main
2019-01-30 06:14:36 [runtime] (split_complete)  ID.pbmc_1k_v3.SC_RNA_COUNTER_CS.SC_RNA_COUNTER.CHECK_BARCODES_COMPATIBILITY
2019-01-30 06:14:36 [runtime] (run:local)       ID.pbmc_1k_v3.SC_RNA_COUNTER_CS.SC_RNA_COUNTER.CHECK_BARCODES_COMPATIBILITY.fork0.join
2019-01-30 06:15:41 [runtime] (chunks_complete) ID.pbmc_1k_v3.SC_RNA_COUNTER_CS.SC_RNA_COUNTER._BASIC_SC_RNA_COUNTER.CHUNK_READS
2019-01-30 06:15:41 [runtime] (run:local)       ID.pbmc_1k_v3.SC_RNA_COUNTER_CS.SC_RNA_COUNTER._BASIC_SC_RNA_COUNTER.CHUNK_READS.fork0.join
2019-01-30 06:15:42 [runtime] (join_complete)   ID.pbmc_1k_v3.SC_RNA_COUNTER_CS.SC_RNA_COUNTER.CHECK_BARCODES_COMPATIBILITY
2019-01-30 06:15:42 [runtime] (join_complete)   ID.pbmc_1k_v3.SC_RNA_COUNTER_CS.SC_RNA_COUNTER._BASIC_SC_RNA_COUNTER.CHUNK_READS
2019-01-30 06:15:42 [runtime] (ready)           ID.pbmc_1k_v3.SC_RNA_COUNTER_CS.SC_RNA_COUNTER._BASIC_SC_RNA_COUNTER.EXTRACT_READS
2019-01-30 06:15:42 [runtime] (run:local)       ID.pbmc_1k_v3.SC_RNA_COUNTER_CS.SC_RNA_COUNTER._BASIC_SC_RNA_COUNTER.EXTRACT_READS.fork0.split
2019-01-30 06:15:43 [runtime] (split_complete)  ID.pbmc_1k_v3.SC_RNA_COUNTER_CS.SC_RNA_COUNTER._BASIC_SC_RNA_COUNTER.EXTRACT_READS
2019-01-30 06:15:43 [runtime] (run:local)       ID.pbmc_1k_v3.SC_RNA_COUNTER_CS.SC_RNA_COUNTER._BASIC_SC_RNA_COUNTER.EXTRACT_READS.fork0.chnk00.main
2019-01-30 06:15:43 [runtime] (run:local)       ID.pbmc_1k_v3.SC_RNA_COUNTER_CS.SC_RNA_COUNTER._BASIC_SC_RNA_COUNTER.EXTRACT_READS.fork0.chnk01.main
2019-01-30 06:15:43 [runtime] (run:local)       ID.pbmc_1k_v3.SC_RNA_COUNTER_CS.SC_RNA_COUNTER._BASIC_SC_RNA_COUNTER.EXTRACT_READS.fork0.chnk02.main
2019-01-30 06:15:43 [runtime] (run:local)       ID.pbmc_1k_v3.SC_RNA_COUNTER_CS.SC_RNA_COUNTER._BASIC_SC_RNA_COUNTER.EXTRACT_READS.fork0.chnk03.main
2019-01-30 06:15:43 [runtime] (run:local)       ID.pbmc_1k_v3.SC_RNA_COUNTER_CS.SC_RNA_COUNTER._BASIC_SC_RNA_COUNTER.EXTRACT_READS.fork0.chnk04.main
2019-01-30 06:15:43 [runtime] (run:local)       ID.pbmc_1k_v3.SC_RNA_COUNTER_CS.SC_RNA_COUNTER._BASIC_SC_RNA_COUNTER.EXTRACT_READS.fork0.chnk05.main
2019-01-30 06:15:43 [runtime] (run:local)       ID.pbmc_1k_v3.SC_RNA_COUNTER_CS.SC_RNA_COUNTER._BASIC_SC_RNA_COUNTER.EXTRACT_READS.fork0.chnk06.main
2019-01-30 06:15:43 [runtime] (run:local)       ID.pbmc_1k_v3.SC_RNA_COUNTER_CS.SC_RNA_COUNTER._BASIC_SC_RNA_COUNTER.EXTRACT_READS.fork0.chnk07.main
2019-01-30 06:15:43 [runtime] (run:local)       ID.pbmc_1k_v3.SC_RNA_COUNTER_CS.SC_RNA_COUNTER._BASIC_SC_RNA_COUNTER.EXTRACT_READS.fork0.chnk08.main
2019-01-30 06:15:43 [runtime] (run:local)       ID.pbmc_1k_v3.SC_RNA_COUNTER_CS.SC_RNA_COUNTER._BASIC_SC_RNA_COUNTER.EXTRACT_READS.fork0.chnk09.main
2019-01-30 06:15:43 [runtime] (run:local)       ID.pbmc_1k_v3.SC_RNA_COUNTER_CS.SC_RNA_COUNTER._BASIC_SC_RNA_COUNTER.EXTRACT_READS.fork0.chnk10.main
2019-01-30 06:15:43 [runtime] (run:local)       ID.pbmc_1k_v3.SC_RNA_COUNTER_CS.SC_RNA_COUNTER._BASIC_SC_RNA_COUNTER.EXTRACT_READS.fork0.chnk11.main
2019-01-30 06:15:43 [runtime] (run:local)       ID.pbmc_1k_v3.SC_RNA_COUNTER_CS.SC_RNA_COUNTER._BASIC_SC_RNA_COUNTER.EXTRACT_READS.fork0.chnk12.main
2019-01-30 06:15:43 [runtime] (run:local)       ID.pbmc_1k_v3.SC_RNA_COUNTER_CS.SC_RNA_COUNTER._BASIC_SC_RNA_COUNTER.EXTRACT_READS.fork0.chnk13.main
2019-01-30 06:21:30 [runtime] (update)          ID.pbmc_1k_v3.SC_RNA_COUNTER_CS.SC_RNA_COUNTER._BASIC_SC_RNA_COUNTER.EXTRACT_READS.fork0 chunks running (1/14 completed)
2019-01-30 06:27:22 [runtime] (update)          ID.pbmc_1k_v3.SC_RNA_COUNTER_CS.SC_RNA_COUNTER._BASIC_SC_RNA_COUNTER.EXTRACT_READS.fork0 chunks running (6/14 completed)
2019-01-30 06:33:22 [runtime] (update)          ID.pbmc_1k_v3.SC_RNA_COUNTER_CS.SC_RNA_COUNTER._BASIC_SC_RNA_COUNTER.EXTRACT_READS.fork0 chunks running (9/14 completed)
2019-01-30 06:37:39 [runtime] (chunks_complete) ID.pbmc_1k_v3.SC_RNA_COUNTER_CS.SC_RNA_COUNTER._BASIC_SC_RNA_COUNTER.EXTRACT_READS
2019-01-30 06:37:39 [runtime] (run:local)       ID.pbmc_1k_v3.SC_RNA_COUNTER_CS.SC_RNA_COUNTER._BASIC_SC_RNA_COUNTER.EXTRACT_READS.fork0.join
2019-01-30 06:38:43 [runtime] (join_complete)   ID.pbmc_1k_v3.SC_RNA_COUNTER_CS.SC_RNA_COUNTER._BASIC_SC_RNA_COUNTER.EXTRACT_READS
2019-01-30 06:38:44 [runtime] (ready)           ID.pbmc_1k_v3.SC_RNA_COUNTER_CS.SC_RNA_COUNTER._BASIC_SC_RNA_COUNTER.SUMMARIZE_READ_REPORTS
2019-01-30 06:38:44 [runtime] (run:local)       ID.pbmc_1k_v3.SC_RNA_COUNTER_CS.SC_RNA_COUNTER._BASIC_SC_RNA_COUNTER.SUMMARIZE_READ_REPORTS.fork0.split
2019-01-30 06:38:45 [runtime] (split_complete)  ID.pbmc_1k_v3.SC_RNA_COUNTER_CS.SC_RNA_COUNTER._BASIC_SC_RNA_COUNTER.SUMMARIZE_READ_REPORTS
2019-01-30 06:38:45 [runtime] (run:local)       ID.pbmc_1k_v3.SC_RNA_COUNTER_CS.SC_RNA_COUNTER._BASIC_SC_RNA_COUNTER.SUMMARIZE_READ_REPORTS.fork0.chnk00.main
2019-01-30 06:38:45 [runtime] (run:local)       ID.pbmc_1k_v3.SC_RNA_COUNTER_CS.SC_RNA_COUNTER._BASIC_SC_RNA_COUNTER.SUMMARIZE_READ_REPORTS.fork0.chnk01.main
2019-01-30 06:38:45 [runtime] (run:local)       ID.pbmc_1k_v3.SC_RNA_COUNTER_CS.SC_RNA_COUNTER._BASIC_SC_RNA_COUNTER.SUMMARIZE_READ_REPORTS.fork0.chnk02.main
2019-01-30 06:38:45 [runtime] (run:local)       ID.pbmc_1k_v3.SC_RNA_COUNTER_CS.SC_RNA_COUNTER._BASIC_SC_RNA_COUNTER.SUMMARIZE_READ_REPORTS.fork0.chnk03.main
2019-01-30 06:38:45 [runtime] (run:local)       ID.pbmc_1k_v3.SC_RNA_COUNTER_CS.SC_RNA_COUNTER._BASIC_SC_RNA_COUNTER.SUMMARIZE_READ_REPORTS.fork0.chnk04.main
2019-01-30 06:38:45 [runtime] (run:local)       ID.pbmc_1k_v3.SC_RNA_COUNTER_CS.SC_RNA_COUNTER._BASIC_SC_RNA_COUNTER.SUMMARIZE_READ_REPORTS.fork0.chnk05.main
2019-01-30 06:38:45 [runtime] (run:local)       ID.pbmc_1k_v3.SC_RNA_COUNTER_CS.SC_RNA_COUNTER._BASIC_SC_RNA_COUNTER.SUMMARIZE_READ_REPORTS.fork0.chnk06.main
2019-01-30 06:38:45 [runtime] (run:local)       ID.pbmc_1k_v3.SC_RNA_COUNTER_CS.SC_RNA_COUNTER._BASIC_SC_RNA_COUNTER.SUMMARIZE_READ_REPORTS.fork0.chnk07.main
2019-01-30 06:38:45 [runtime] (run:local)       ID.pbmc_1k_v3.SC_RNA_COUNTER_CS.SC_RNA_COUNTER._BASIC_SC_RNA_COUNTER.SUMMARIZE_READ_REPORTS.fork0.chnk08.main
2019-01-30 06:38:45 [runtime] (run:local)       ID.pbmc_1k_v3.SC_RNA_COUNTER_CS.SC_RNA_COUNTER._BASIC_SC_RNA_COUNTER.SUMMARIZE_READ_REPORTS.fork0.chnk09.main
2019-01-30 06:38:45 [runtime] (run:local)       ID.pbmc_1k_v3.SC_RNA_COUNTER_CS.SC_RNA_COUNTER._BASIC_SC_RNA_COUNTER.SUMMARIZE_READ_REPORTS.fork0.chnk10.main
2019-01-30 06:38:45 [runtime] (run:local)       ID.pbmc_1k_v3.SC_RNA_COUNTER_CS.SC_RNA_COUNTER._BASIC_SC_RNA_COUNTER.SUMMARIZE_READ_REPORTS.fork0.chnk11.main
2019-01-30 06:38:45 [runtime] (run:local)       ID.pbmc_1k_v3.SC_RNA_COUNTER_CS.SC_RNA_COUNTER._BASIC_SC_RNA_COUNTER.SUMMARIZE_READ_REPORTS.fork0.chnk12.main
2019-01-30 06:38:45 [runtime] (run:local)       ID.pbmc_1k_v3.SC_RNA_COUNTER_CS.SC_RNA_COUNTER._BASIC_SC_RNA_COUNTER.SUMMARIZE_READ_REPORTS.fork0.chnk13.main
2019-01-30 06:38:48 [runtime] (chunks_complete) ID.pbmc_1k_v3.SC_RNA_COUNTER_CS.SC_RNA_COUNTER._BASIC_SC_RNA_COUNTER.SUMMARIZE_READ_REPORTS
2019-01-30 06:38:48 [runtime] (run:local)       ID.pbmc_1k_v3.SC_RNA_COUNTER_CS.SC_RNA_COUNTER._BASIC_SC_RNA_COUNTER.SUMMARIZE_READ_REPORTS.fork0.join
2019-01-30 06:38:49 [runtime] (join_complete)   ID.pbmc_1k_v3.SC_RNA_COUNTER_CS.SC_RNA_COUNTER._BASIC_SC_RNA_COUNTER.SUMMARIZE_READ_REPORTS
2019-01-30 06:38:49 [runtime] (ready)           ID.pbmc_1k_v3.SC_RNA_COUNTER_CS.SC_RNA_COUNTER._BASIC_SC_RNA_COUNTER.ALIGN_READS
2019-01-30 06:38:49 [runtime] (run:local)       ID.pbmc_1k_v3.SC_RNA_COUNTER_CS.SC_RNA_COUNTER._BASIC_SC_RNA_COUNTER.ALIGN_READS.fork0.split
2019-01-30 06:38:50 [runtime] (split_complete)  ID.pbmc_1k_v3.SC_RNA_COUNTER_CS.SC_RNA_COUNTER._BASIC_SC_RNA_COUNTER.ALIGN_READS
2019-01-30 06:38:50 [runtime] (run:local)       ID.pbmc_1k_v3.SC_RNA_COUNTER_CS.SC_RNA_COUNTER._BASIC_SC_RNA_COUNTER.ALIGN_READS.fork0.chnk00.main
2019-01-30 06:38:50 [runtime] (run:local)       ID.pbmc_1k_v3.SC_RNA_COUNTER_CS.SC_RNA_COUNTER._BASIC_SC_RNA_COUNTER.ALIGN_READS.fork0.chnk01.main
2019-01-30 06:38:50 [runtime] (run:local)       ID.pbmc_1k_v3.SC_RNA_COUNTER_CS.SC_RNA_COUNTER._BASIC_SC_RNA_COUNTER.ALIGN_READS.fork0.chnk02.main
2019-01-30 06:38:50 [runtime] (run:local)       ID.pbmc_1k_v3.SC_RNA_COUNTER_CS.SC_RNA_COUNTER._BASIC_SC_RNA_COUNTER.ALIGN_READS.fork0.chnk03.main
2019-01-30 06:38:50 [runtime] (run:local)       ID.pbmc_1k_v3.SC_RNA_COUNTER_CS.SC_RNA_COUNTER._BASIC_SC_RNA_COUNTER.ALIGN_READS.fork0.chnk04.main
2019-01-30 06:38:50 [runtime] (run:local)       ID.pbmc_1k_v3.SC_RNA_COUNTER_CS.SC_RNA_COUNTER._BASIC_SC_RNA_COUNTER.ALIGN_READS.fork0.chnk05.main
2019-01-30 06:38:50 [runtime] (run:local)       ID.pbmc_1k_v3.SC_RNA_COUNTER_CS.SC_RNA_COUNTER._BASIC_SC_RNA_COUNTER.ALIGN_READS.fork0.chnk06.main
2019-01-30 06:38:50 [runtime] (run:local)       ID.pbmc_1k_v3.SC_RNA_COUNTER_CS.SC_RNA_COUNTER._BASIC_SC_RNA_COUNTER.ALIGN_READS.fork0.chnk07.main
2019-01-30 06:38:50 [runtime] (run:local)       ID.pbmc_1k_v3.SC_RNA_COUNTER_CS.SC_RNA_COUNTER._BASIC_SC_RNA_COUNTER.ALIGN_READS.fork0.chnk08.main
2019-01-30 06:38:50 [runtime] (run:local)       ID.pbmc_1k_v3.SC_RNA_COUNTER_CS.SC_RNA_COUNTER._BASIC_SC_RNA_COUNTER.ALIGN_READS.fork0.chnk09.main
2019-01-30 06:38:50 [runtime] (run:local)       ID.pbmc_1k_v3.SC_RNA_COUNTER_CS.SC_RNA_COUNTER._BASIC_SC_RNA_COUNTER.ALIGN_READS.fork0.chnk10.main
2019-01-30 06:38:50 [runtime] (run:local)       ID.pbmc_1k_v3.SC_RNA_COUNTER_CS.SC_RNA_COUNTER._BASIC_SC_RNA_COUNTER.ALIGN_READS.fork0.chnk11.main
2019-01-30 06:38:50 [runtime] (run:local)       ID.pbmc_1k_v3.SC_RNA_COUNTER_CS.SC_RNA_COUNTER._BASIC_SC_RNA_COUNTER.ALIGN_READS.fork0.chnk12.main
2019-01-30 06:38:50 [runtime] (run:local)       ID.pbmc_1k_v3.SC_RNA_COUNTER_CS.SC_RNA_COUNTER._BASIC_SC_RNA_COUNTER.ALIGN_READS.fork0.chnk13.main
2019-01-30 06:44:43 [runtime] (update)          ID.pbmc_1k_v3.SC_RNA_COUNTER_CS.SC_RNA_COUNTER._BASIC_SC_RNA_COUNTER.ALIGN_READS.fork0 chunks running (1/14 completed)
2019-01-30 06:50:15 [runtime] (update)          ID.pbmc_1k_v3.SC_RNA_COUNTER_CS.SC_RNA_COUNTER._BASIC_SC_RNA_COUNTER.ALIGN_READS.fork0 chunks running (3/14 completed)
2019-01-30 06:55:33 [runtime] (update)          ID.pbmc_1k_v3.SC_RNA_COUNTER_CS.SC_RNA_COUNTER._BASIC_SC_RNA_COUNTER.ALIGN_READS.fork0 chunks running (5/14 completed)
2019-01-30 07:00:41 [runtime] (update)          ID.pbmc_1k_v3.SC_RNA_COUNTER_CS.SC_RNA_COUNTER._BASIC_SC_RNA_COUNTER.ALIGN_READS.fork0 chunks running (8/14 completed)
2019-01-30 07:06:00 [runtime] (update)          ID.pbmc_1k_v3.SC_RNA_COUNTER_CS.SC_RNA_COUNTER._BASIC_SC_RNA_COUNTER.ALIGN_READS.fork0 chunks running (10/14 completed)
2019-01-30 07:11:08 [runtime] (update)          ID.pbmc_1k_v3.SC_RNA_COUNTER_CS.SC_RNA_COUNTER._BASIC_SC_RNA_COUNTER.ALIGN_READS.fork0 chunks running (12/14 completed)
2019-01-30 07:15:34 [runtime] (chunks_complete) ID.pbmc_1k_v3.SC_RNA_COUNTER_CS.SC_RNA_COUNTER._BASIC_SC_RNA_COUNTER.ALIGN_READS
2019-01-30 07:15:34 [runtime] (run:local)       ID.pbmc_1k_v3.SC_RNA_COUNTER_CS.SC_RNA_COUNTER._BASIC_SC_RNA_COUNTER.ALIGN_READS.fork0.join
2019-01-30 07:15:34 [runtime] (join_complete)   ID.pbmc_1k_v3.SC_RNA_COUNTER_CS.SC_RNA_COUNTER._BASIC_SC_RNA_COUNTER.ALIGN_READS
2019-01-30 07:15:35 [runtime] (ready)           ID.pbmc_1k_v3.SC_RNA_COUNTER_CS.SC_RNA_COUNTER._BASIC_SC_RNA_COUNTER.ATTACH_BCS_AND_UMIS
2019-01-30 07:15:35 [runtime] (run:local)       ID.pbmc_1k_v3.SC_RNA_COUNTER_CS.SC_RNA_COUNTER._BASIC_SC_RNA_COUNTER.ATTACH_BCS_AND_UMIS.fork0.split
2019-01-30 07:15:35 [runtime] (split_complete)  ID.pbmc_1k_v3.SC_RNA_COUNTER_CS.SC_RNA_COUNTER._BASIC_SC_RNA_COUNTER.ATTACH_BCS_AND_UMIS
2019-01-30 07:15:35 [runtime] (run:local)       ID.pbmc_1k_v3.SC_RNA_COUNTER_CS.SC_RNA_COUNTER._BASIC_SC_RNA_COUNTER.ATTACH_BCS_AND_UMIS.fork0.chnk00.main
2019-01-30 07:15:35 [runtime] (run:local)       ID.pbmc_1k_v3.SC_RNA_COUNTER_CS.SC_RNA_COUNTER._BASIC_SC_RNA_COUNTER.ATTACH_BCS_AND_UMIS.fork0.chnk01.main
2019-01-30 07:15:35 [runtime] (run:local)       ID.pbmc_1k_v3.SC_RNA_COUNTER_CS.SC_RNA_COUNTER._BASIC_SC_RNA_COUNTER.ATTACH_BCS_AND_UMIS.fork0.chnk02.main
2019-01-30 07:15:35 [runtime] (run:local)       ID.pbmc_1k_v3.SC_RNA_COUNTER_CS.SC_RNA_COUNTER._BASIC_SC_RNA_COUNTER.ATTACH_BCS_AND_UMIS.fork0.chnk03.main
2019-01-30 07:15:35 [runtime] (run:local)       ID.pbmc_1k_v3.SC_RNA_COUNTER_CS.SC_RNA_COUNTER._BASIC_SC_RNA_COUNTER.ATTACH_BCS_AND_UMIS.fork0.chnk04.main
2019-01-30 07:15:35 [runtime] (run:local)       ID.pbmc_1k_v3.SC_RNA_COUNTER_CS.SC_RNA_COUNTER._BASIC_SC_RNA_COUNTER.ATTACH_BCS_AND_UMIS.fork0.chnk05.main
2019-01-30 07:15:35 [runtime] (run:local)       ID.pbmc_1k_v3.SC_RNA_COUNTER_CS.SC_RNA_COUNTER._BASIC_SC_RNA_COUNTER.ATTACH_BCS_AND_UMIS.fork0.chnk06.main
2019-01-30 07:15:35 [runtime] (run:local)       ID.pbmc_1k_v3.SC_RNA_COUNTER_CS.SC_RNA_COUNTER._BASIC_SC_RNA_COUNTER.ATTACH_BCS_AND_UMIS.fork0.chnk07.main
2019-01-30 07:15:35 [runtime] (run:local)       ID.pbmc_1k_v3.SC_RNA_COUNTER_CS.SC_RNA_COUNTER._BASIC_SC_RNA_COUNTER.ATTACH_BCS_AND_UMIS.fork0.chnk08.main
2019-01-30 07:15:35 [runtime] (run:local)       ID.pbmc_1k_v3.SC_RNA_COUNTER_CS.SC_RNA_COUNTER._BASIC_SC_RNA_COUNTER.ATTACH_BCS_AND_UMIS.fork0.chnk09.main
2019-01-30 07:15:35 [runtime] (run:local)       ID.pbmc_1k_v3.SC_RNA_COUNTER_CS.SC_RNA_COUNTER._BASIC_SC_RNA_COUNTER.ATTACH_BCS_AND_UMIS.fork0.chnk10.main
2019-01-30 07:15:35 [runtime] (run:local)       ID.pbmc_1k_v3.SC_RNA_COUNTER_CS.SC_RNA_COUNTER._BASIC_SC_RNA_COUNTER.ATTACH_BCS_AND_UMIS.fork0.chnk11.main
2019-01-30 07:15:35 [runtime] (run:local)       ID.pbmc_1k_v3.SC_RNA_COUNTER_CS.SC_RNA_COUNTER._BASIC_SC_RNA_COUNTER.ATTACH_BCS_AND_UMIS.fork0.chnk12.main
2019-01-30 07:15:35 [runtime] (run:local)       ID.pbmc_1k_v3.SC_RNA_COUNTER_CS.SC_RNA_COUNTER._BASIC_SC_RNA_COUNTER.ATTACH_BCS_AND_UMIS.fork0.chnk13.main
2019-01-30 07:21:37 [runtime] (update)          ID.pbmc_1k_v3.SC_RNA_COUNTER_CS.SC_RNA_COUNTER._BASIC_SC_RNA_COUNTER.ATTACH_BCS_AND_UMIS.fork0 chunks running (0/14 completed)
2019-01-30 07:27:28 [runtime] (update)          ID.pbmc_1k_v3.SC_RNA_COUNTER_CS.SC_RNA_COUNTER._BASIC_SC_RNA_COUNTER.ATTACH_BCS_AND_UMIS.fork0 chunks running (6/14 completed)
2019-01-30 07:32:33 [runtime] (update)          ID.pbmc_1k_v3.SC_RNA_COUNTER_CS.SC_RNA_COUNTER._BASIC_SC_RNA_COUNTER.ATTACH_BCS_AND_UMIS.fork0 chunks running (9/14 completed)
2019-01-30 07:36:31 [runtime] (chunks_complete) ID.pbmc_1k_v3.SC_RNA_COUNTER_CS.SC_RNA_COUNTER._BASIC_SC_RNA_COUNTER.ATTACH_BCS_AND_UMIS
2019-01-30 07:36:31 [runtime] (run:local)       ID.pbmc_1k_v3.SC_RNA_COUNTER_CS.SC_RNA_COUNTER._BASIC_SC_RNA_COUNTER.ATTACH_BCS_AND_UMIS.fork0.join
2019-01-30 07:42:32 [runtime] (update)          ID.pbmc_1k_v3.SC_RNA_COUNTER_CS.SC_RNA_COUNTER._BASIC_SC_RNA_COUNTER.ATTACH_BCS_AND_UMIS.fork0 join_running
2019-01-30 07:47:11 [runtime] (join_complete)   ID.pbmc_1k_v3.SC_RNA_COUNTER_CS.SC_RNA_COUNTER._BASIC_SC_RNA_COUNTER.ATTACH_BCS_AND_UMIS
2019-01-30 07:47:12 [runtime] (ready)           ID.pbmc_1k_v3.SC_RNA_COUNTER_CS.SC_RNA_COUNTER._BASIC_SC_RNA_COUNTER.BUCKET_BY_BC
2019-01-30 07:47:12 [runtime] (run:local)       ID.pbmc_1k_v3.SC_RNA_COUNTER_CS.SC_RNA_COUNTER._BASIC_SC_RNA_COUNTER.BUCKET_BY_BC.fork0.split
2019-01-30 07:47:13 [runtime] (split_complete)  ID.pbmc_1k_v3.SC_RNA_COUNTER_CS.SC_RNA_COUNTER._BASIC_SC_RNA_COUNTER.BUCKET_BY_BC
2019-01-30 07:47:13 [runtime] (run:local)       ID.pbmc_1k_v3.SC_RNA_COUNTER_CS.SC_RNA_COUNTER._BASIC_SC_RNA_COUNTER.BUCKET_BY_BC.fork0.chnk00.main
2019-01-30 07:47:13 [runtime] (run:local)       ID.pbmc_1k_v3.SC_RNA_COUNTER_CS.SC_RNA_COUNTER._BASIC_SC_RNA_COUNTER.BUCKET_BY_BC.fork0.chnk01.main
2019-01-30 07:47:13 [runtime] (run:local)       ID.pbmc_1k_v3.SC_RNA_COUNTER_CS.SC_RNA_COUNTER._BASIC_SC_RNA_COUNTER.BUCKET_BY_BC.fork0.chnk02.main
2019-01-30 07:47:13 [runtime] (run:local)       ID.pbmc_1k_v3.SC_RNA_COUNTER_CS.SC_RNA_COUNTER._BASIC_SC_RNA_COUNTER.BUCKET_BY_BC.fork0.chnk03.main
2019-01-30 07:47:13 [runtime] (run:local)       ID.pbmc_1k_v3.SC_RNA_COUNTER_CS.SC_RNA_COUNTER._BASIC_SC_RNA_COUNTER.BUCKET_BY_BC.fork0.chnk04.main
2019-01-30 07:47:13 [runtime] (run:local)       ID.pbmc_1k_v3.SC_RNA_COUNTER_CS.SC_RNA_COUNTER._BASIC_SC_RNA_COUNTER.BUCKET_BY_BC.fork0.chnk05.main
2019-01-30 07:47:13 [runtime] (run:local)       ID.pbmc_1k_v3.SC_RNA_COUNTER_CS.SC_RNA_COUNTER._BASIC_SC_RNA_COUNTER.BUCKET_BY_BC.fork0.chnk06.main
2019-01-30 07:47:13 [runtime] (run:local)       ID.pbmc_1k_v3.SC_RNA_COUNTER_CS.SC_RNA_COUNTER._BASIC_SC_RNA_COUNTER.BUCKET_BY_BC.fork0.chnk07.main
2019-01-30 07:47:13 [runtime] (run:local)       ID.pbmc_1k_v3.SC_RNA_COUNTER_CS.SC_RNA_COUNTER._BASIC_SC_RNA_COUNTER.BUCKET_BY_BC.fork0.chnk08.main
2019-01-30 07:47:13 [runtime] (run:local)       ID.pbmc_1k_v3.SC_RNA_COUNTER_CS.SC_RNA_COUNTER._BASIC_SC_RNA_COUNTER.BUCKET_BY_BC.fork0.chnk09.main
2019-01-30 07:47:13 [runtime] (run:local)       ID.pbmc_1k_v3.SC_RNA_COUNTER_CS.SC_RNA_COUNTER._BASIC_SC_RNA_COUNTER.BUCKET_BY_BC.fork0.chnk10.main
2019-01-30 07:47:13 [runtime] (run:local)       ID.pbmc_1k_v3.SC_RNA_COUNTER_CS.SC_RNA_COUNTER._BASIC_SC_RNA_COUNTER.BUCKET_BY_BC.fork0.chnk11.main
2019-01-30 07:47:13 [runtime] (run:local)       ID.pbmc_1k_v3.SC_RNA_COUNTER_CS.SC_RNA_COUNTER._BASIC_SC_RNA_COUNTER.BUCKET_BY_BC.fork0.chnk12.main
2019-01-30 07:47:13 [runtime] (run:local)       ID.pbmc_1k_v3.SC_RNA_COUNTER_CS.SC_RNA_COUNTER._BASIC_SC_RNA_COUNTER.BUCKET_BY_BC.fork0.chnk13.main
2019-01-30 07:52:13 [runtime] (update)          ID.pbmc_1k_v3.SC_RNA_COUNTER_CS.SC_RNA_COUNTER._BASIC_SC_RNA_COUNTER.BUCKET_BY_BC.fork0 chunks running (3/14 completed)
2019-01-30 07:57:57 [runtime] (update)          ID.pbmc_1k_v3.SC_RNA_COUNTER_CS.SC_RNA_COUNTER._BASIC_SC_RNA_COUNTER.BUCKET_BY_BC.fork0 chunks running (10/14 completed)
2019-01-30 08:00:50 [runtime] (chunks_complete) ID.pbmc_1k_v3.SC_RNA_COUNTER_CS.SC_RNA_COUNTER._BASIC_SC_RNA_COUNTER.BUCKET_BY_BC
2019-01-30 08:00:50 [runtime] (run:local)       ID.pbmc_1k_v3.SC_RNA_COUNTER_CS.SC_RNA_COUNTER._BASIC_SC_RNA_COUNTER.BUCKET_BY_BC.fork0.join
2019-01-30 08:00:50 [runtime] (join_complete)   ID.pbmc_1k_v3.SC_RNA_COUNTER_CS.SC_RNA_COUNTER._BASIC_SC_RNA_COUNTER.BUCKET_BY_BC
2019-01-30 08:00:51 [runtime] (ready)           ID.pbmc_1k_v3.SC_RNA_COUNTER_CS.SC_RNA_COUNTER._BASIC_SC_RNA_COUNTER.SORT_BY_BC
2019-01-30 08:00:51 [runtime] (run:local)       ID.pbmc_1k_v3.SC_RNA_COUNTER_CS.SC_RNA_COUNTER._BASIC_SC_RNA_COUNTER.SORT_BY_BC.fork0.split
2019-01-30 08:00:52 [runtime] (split_complete)  ID.pbmc_1k_v3.SC_RNA_COUNTER_CS.SC_RNA_COUNTER._BASIC_SC_RNA_COUNTER.SORT_BY_BC
2019-01-30 08:00:52 [runtime] (run:local)       ID.pbmc_1k_v3.SC_RNA_COUNTER_CS.SC_RNA_COUNTER._BASIC_SC_RNA_COUNTER.SORT_BY_BC.fork0.chnk00.main
2019-01-30 08:00:52 [runtime] (run:local)       ID.pbmc_1k_v3.SC_RNA_COUNTER_CS.SC_RNA_COUNTER._BASIC_SC_RNA_COUNTER.SORT_BY_BC.fork0.chnk01.main
2019-01-30 08:00:52 [runtime] (run:local)       ID.pbmc_1k_v3.SC_RNA_COUNTER_CS.SC_RNA_COUNTER._BASIC_SC_RNA_COUNTER.SORT_BY_BC.fork0.chnk02.main
2019-01-30 08:00:52 [runtime] (run:local)       ID.pbmc_1k_v3.SC_RNA_COUNTER_CS.SC_RNA_COUNTER._BASIC_SC_RNA_COUNTER.SORT_BY_BC.fork0.chnk03.main
2019-01-30 08:00:52 [runtime] (run:local)       ID.pbmc_1k_v3.SC_RNA_COUNTER_CS.SC_RNA_COUNTER._BASIC_SC_RNA_COUNTER.SORT_BY_BC.fork0.chnk04.main
2019-01-30 08:00:52 [runtime] (run:local)       ID.pbmc_1k_v3.SC_RNA_COUNTER_CS.SC_RNA_COUNTER._BASIC_SC_RNA_COUNTER.SORT_BY_BC.fork0.chnk05.main
2019-01-30 08:00:52 [runtime] (run:local)       ID.pbmc_1k_v3.SC_RNA_COUNTER_CS.SC_RNA_COUNTER._BASIC_SC_RNA_COUNTER.SORT_BY_BC.fork0.chnk06.main
2019-01-30 08:00:52 [runtime] (run:local)       ID.pbmc_1k_v3.SC_RNA_COUNTER_CS.SC_RNA_COUNTER._BASIC_SC_RNA_COUNTER.SORT_BY_BC.fork0.chnk07.main
2019-01-30 08:00:52 [runtime] (run:local)       ID.pbmc_1k_v3.SC_RNA_COUNTER_CS.SC_RNA_COUNTER._BASIC_SC_RNA_COUNTER.SORT_BY_BC.fork0.chnk08.main
2019-01-30 08:00:52 [runtime] (run:local)       ID.pbmc_1k_v3.SC_RNA_COUNTER_CS.SC_RNA_COUNTER._BASIC_SC_RNA_COUNTER.SORT_BY_BC.fork0.chnk09.main
2019-01-30 08:00:52 [runtime] (run:local)       ID.pbmc_1k_v3.SC_RNA_COUNTER_CS.SC_RNA_COUNTER._BASIC_SC_RNA_COUNTER.SORT_BY_BC.fork0.chnk10.main
2019-01-30 08:00:52 [runtime] (run:local)       ID.pbmc_1k_v3.SC_RNA_COUNTER_CS.SC_RNA_COUNTER._BASIC_SC_RNA_COUNTER.SORT_BY_BC.fork0.chnk11.main
2019-01-30 08:00:52 [runtime] (run:local)       ID.pbmc_1k_v3.SC_RNA_COUNTER_CS.SC_RNA_COUNTER._BASIC_SC_RNA_COUNTER.SORT_BY_BC.fork0.chnk12.main
2019-01-30 08:00:52 [runtime] (run:local)       ID.pbmc_1k_v3.SC_RNA_COUNTER_CS.SC_RNA_COUNTER._BASIC_SC_RNA_COUNTER.SORT_BY_BC.fork0.chnk13.main
2019-01-30 08:00:52 [runtime] (run:local)       ID.pbmc_1k_v3.SC_RNA_COUNTER_CS.SC_RNA_COUNTER._BASIC_SC_RNA_COUNTER.SORT_BY_BC.fork0.chnk14.main
2019-01-30 08:00:52 [runtime] (run:local)       ID.pbmc_1k_v3.SC_RNA_COUNTER_CS.SC_RNA_COUNTER._BASIC_SC_RNA_COUNTER.SORT_BY_BC.fork0.chnk15.main
2019-01-30 08:00:52 [runtime] (run:local)       ID.pbmc_1k_v3.SC_RNA_COUNTER_CS.SC_RNA_COUNTER._BASIC_SC_RNA_COUNTER.SORT_BY_BC.fork0.chnk16.main
2019-01-30 08:05:57 [runtime] (update)          ID.pbmc_1k_v3.SC_RNA_COUNTER_CS.SC_RNA_COUNTER._BASIC_SC_RNA_COUNTER.SORT_BY_BC.fork0 chunks running (9/17 completed)
2019-01-30 08:07:35 [runtime] (chunks_complete) ID.pbmc_1k_v3.SC_RNA_COUNTER_CS.SC_RNA_COUNTER._BASIC_SC_RNA_COUNTER.SORT_BY_BC
2019-01-30 08:07:35 [runtime] (run:local)       ID.pbmc_1k_v3.SC_RNA_COUNTER_CS.SC_RNA_COUNTER._BASIC_SC_RNA_COUNTER.SORT_BY_BC.fork0.join
2019-01-30 08:08:02 [runtime] (join_complete)   ID.pbmc_1k_v3.SC_RNA_COUNTER_CS.SC_RNA_COUNTER._BASIC_SC_RNA_COUNTER.SORT_BY_BC
2019-01-30 08:08:03 [runtime] (ready)           ID.pbmc_1k_v3.SC_RNA_COUNTER_CS.SC_RNA_COUNTER._BASIC_SC_RNA_COUNTER.MARK_DUPLICATES
2019-01-30 08:08:03 [runtime] (run:local)       ID.pbmc_1k_v3.SC_RNA_COUNTER_CS.SC_RNA_COUNTER._BASIC_SC_RNA_COUNTER.MARK_DUPLICATES.fork0.split
2019-01-30 08:08:10 [runtime] (split_complete)  ID.pbmc_1k_v3.SC_RNA_COUNTER_CS.SC_RNA_COUNTER._BASIC_SC_RNA_COUNTER.MARK_DUPLICATES
2019-01-30 08:08:10 [runtime] (run:local)       ID.pbmc_1k_v3.SC_RNA_COUNTER_CS.SC_RNA_COUNTER._BASIC_SC_RNA_COUNTER.MARK_DUPLICATES.fork0.chnk00.main
2019-01-30 08:08:10 [runtime] (run:local)       ID.pbmc_1k_v3.SC_RNA_COUNTER_CS.SC_RNA_COUNTER._BASIC_SC_RNA_COUNTER.MARK_DUPLICATES.fork0.chnk01.main
2019-01-30 08:08:10 [runtime] (run:local)       ID.pbmc_1k_v3.SC_RNA_COUNTER_CS.SC_RNA_COUNTER._BASIC_SC_RNA_COUNTER.MARK_DUPLICATES.fork0.chnk02.main
2019-01-30 08:08:10 [runtime] (run:local)       ID.pbmc_1k_v3.SC_RNA_COUNTER_CS.SC_RNA_COUNTER._BASIC_SC_RNA_COUNTER.MARK_DUPLICATES.fork0.chnk03.main
2019-01-30 08:08:10 [runtime] (run:local)       ID.pbmc_1k_v3.SC_RNA_COUNTER_CS.SC_RNA_COUNTER._BASIC_SC_RNA_COUNTER.MARK_DUPLICATES.fork0.chnk04.main
2019-01-30 08:08:10 [runtime] (run:local)       ID.pbmc_1k_v3.SC_RNA_COUNTER_CS.SC_RNA_COUNTER._BASIC_SC_RNA_COUNTER.MARK_DUPLICATES.fork0.chnk05.main
2019-01-30 08:08:10 [runtime] (run:local)       ID.pbmc_1k_v3.SC_RNA_COUNTER_CS.SC_RNA_COUNTER._BASIC_SC_RNA_COUNTER.MARK_DUPLICATES.fork0.chnk06.main
2019-01-30 08:08:10 [runtime] (run:local)       ID.pbmc_1k_v3.SC_RNA_COUNTER_CS.SC_RNA_COUNTER._BASIC_SC_RNA_COUNTER.MARK_DUPLICATES.fork0.chnk07.main
2019-01-30 08:08:10 [runtime] (run:local)       ID.pbmc_1k_v3.SC_RNA_COUNTER_CS.SC_RNA_COUNTER._BASIC_SC_RNA_COUNTER.MARK_DUPLICATES.fork0.chnk08.main
2019-01-30 08:08:10 [runtime] (run:local)       ID.pbmc_1k_v3.SC_RNA_COUNTER_CS.SC_RNA_COUNTER._BASIC_SC_RNA_COUNTER.MARK_DUPLICATES.fork0.chnk09.main
2019-01-30 08:08:10 [runtime] (run:local)       ID.pbmc_1k_v3.SC_RNA_COUNTER_CS.SC_RNA_COUNTER._BASIC_SC_RNA_COUNTER.MARK_DUPLICATES.fork0.chnk10.main
2019-01-30 08:08:10 [runtime] (run:local)       ID.pbmc_1k_v3.SC_RNA_COUNTER_CS.SC_RNA_COUNTER._BASIC_SC_RNA_COUNTER.MARK_DUPLICATES.fork0.chnk11.main
2019-01-30 08:08:10 [runtime] (run:local)       ID.pbmc_1k_v3.SC_RNA_COUNTER_CS.SC_RNA_COUNTER._BASIC_SC_RNA_COUNTER.MARK_DUPLICATES.fork0.chnk12.main
2019-01-30 08:08:10 [runtime] (run:local)       ID.pbmc_1k_v3.SC_RNA_COUNTER_CS.SC_RNA_COUNTER._BASIC_SC_RNA_COUNTER.MARK_DUPLICATES.fork0.chnk13.main
2019-01-30 08:08:10 [runtime] (run:local)       ID.pbmc_1k_v3.SC_RNA_COUNTER_CS.SC_RNA_COUNTER._BASIC_SC_RNA_COUNTER.MARK_DUPLICATES.fork0.chnk14.main
2019-01-30 08:13:31 [runtime] (update)          ID.pbmc_1k_v3.SC_RNA_COUNTER_CS.SC_RNA_COUNTER._BASIC_SC_RNA_COUNTER.MARK_DUPLICATES.fork0 chunks running (6/15 completed)
2019-01-30 08:19:29 [runtime] (update)          ID.pbmc_1k_v3.SC_RNA_COUNTER_CS.SC_RNA_COUNTER._BASIC_SC_RNA_COUNTER.MARK_DUPLICATES.fork0 chunks running (13/15 completed)
2019-01-30 08:20:00 [runtime] (chunks_complete) ID.pbmc_1k_v3.SC_RNA_COUNTER_CS.SC_RNA_COUNTER._BASIC_SC_RNA_COUNTER.MARK_DUPLICATES
2019-01-30 08:20:00 [runtime] (run:local)       ID.pbmc_1k_v3.SC_RNA_COUNTER_CS.SC_RNA_COUNTER._BASIC_SC_RNA_COUNTER.MARK_DUPLICATES.fork0.join
2019-01-30 08:20:04 [runtime] (join_complete)   ID.pbmc_1k_v3.SC_RNA_COUNTER_CS.SC_RNA_COUNTER._BASIC_SC_RNA_COUNTER.MARK_DUPLICATES
2019-01-30 08:20:05 [runtime] (ready)           ID.pbmc_1k_v3.SC_RNA_COUNTER_CS.SC_RNA_COUNTER._BASIC_SC_RNA_COUNTER.COUNT_GENES
2019-01-30 08:20:05 [runtime] (run:local)       ID.pbmc_1k_v3.SC_RNA_COUNTER_CS.SC_RNA_COUNTER._BASIC_SC_RNA_COUNTER.COUNT_GENES.fork0.split
2019-01-30 08:20:05 [runtime] (ready)           ID.pbmc_1k_v3.SC_RNA_COUNTER_CS.SC_RNA_COUNTER._BASIC_SC_RNA_COUNTER.SORT_BY_POS
2019-01-30 08:20:05 [runtime] (run:local)       ID.pbmc_1k_v3.SC_RNA_COUNTER_CS.SC_RNA_COUNTER._BASIC_SC_RNA_COUNTER.SORT_BY_POS.fork0.split
2019-01-30 08:20:06 [runtime] (split_complete)  ID.pbmc_1k_v3.SC_RNA_COUNTER_CS.SC_RNA_COUNTER._BASIC_SC_RNA_COUNTER.SORT_BY_POS
2019-01-30 08:20:06 [runtime] (run:local)       ID.pbmc_1k_v3.SC_RNA_COUNTER_CS.SC_RNA_COUNTER._BASIC_SC_RNA_COUNTER.SORT_BY_POS.fork0.chnk00.main
2019-01-30 08:20:06 [runtime] (run:local)       ID.pbmc_1k_v3.SC_RNA_COUNTER_CS.SC_RNA_COUNTER._BASIC_SC_RNA_COUNTER.SORT_BY_POS.fork0.chnk01.main
2019-01-30 08:20:06 [runtime] (run:local)       ID.pbmc_1k_v3.SC_RNA_COUNTER_CS.SC_RNA_COUNTER._BASIC_SC_RNA_COUNTER.SORT_BY_POS.fork0.chnk02.main
2019-01-30 08:20:06 [runtime] (run:local)       ID.pbmc_1k_v3.SC_RNA_COUNTER_CS.SC_RNA_COUNTER._BASIC_SC_RNA_COUNTER.SORT_BY_POS.fork0.chnk03.main
2019-01-30 08:20:06 [runtime] (run:local)       ID.pbmc_1k_v3.SC_RNA_COUNTER_CS.SC_RNA_COUNTER._BASIC_SC_RNA_COUNTER.SORT_BY_POS.fork0.chnk04.main
2019-01-30 08:20:06 [runtime] (run:local)       ID.pbmc_1k_v3.SC_RNA_COUNTER_CS.SC_RNA_COUNTER._BASIC_SC_RNA_COUNTER.SORT_BY_POS.fork0.chnk05.main
2019-01-30 08:20:06 [runtime] (run:local)       ID.pbmc_1k_v3.SC_RNA_COUNTER_CS.SC_RNA_COUNTER._BASIC_SC_RNA_COUNTER.SORT_BY_POS.fork0.chnk06.main
2019-01-30 08:20:06 [runtime] (run:local)       ID.pbmc_1k_v3.SC_RNA_COUNTER_CS.SC_RNA_COUNTER._BASIC_SC_RNA_COUNTER.SORT_BY_POS.fork0.chnk07.main
2019-01-30 08:20:06 [runtime] (run:local)       ID.pbmc_1k_v3.SC_RNA_COUNTER_CS.SC_RNA_COUNTER._BASIC_SC_RNA_COUNTER.SORT_BY_POS.fork0.chnk08.main
2019-01-30 08:20:06 [runtime] (run:local)       ID.pbmc_1k_v3.SC_RNA_COUNTER_CS.SC_RNA_COUNTER._BASIC_SC_RNA_COUNTER.SORT_BY_POS.fork0.chnk09.main
2019-01-30 08:20:06 [runtime] (run:local)       ID.pbmc_1k_v3.SC_RNA_COUNTER_CS.SC_RNA_COUNTER._BASIC_SC_RNA_COUNTER.SORT_BY_POS.fork0.chnk10.main
2019-01-30 08:20:06 [runtime] (run:local)       ID.pbmc_1k_v3.SC_RNA_COUNTER_CS.SC_RNA_COUNTER._BASIC_SC_RNA_COUNTER.SORT_BY_POS.fork0.chnk11.main
2019-01-30 08:20:06 [runtime] (run:local)       ID.pbmc_1k_v3.SC_RNA_COUNTER_CS.SC_RNA_COUNTER._BASIC_SC_RNA_COUNTER.SORT_BY_POS.fork0.chnk12.main
2019-01-30 08:20:06 [runtime] (run:local)       ID.pbmc_1k_v3.SC_RNA_COUNTER_CS.SC_RNA_COUNTER._BASIC_SC_RNA_COUNTER.SORT_BY_POS.fork0.chnk13.main
2019-01-30 08:20:06 [runtime] (run:local)       ID.pbmc_1k_v3.SC_RNA_COUNTER_CS.SC_RNA_COUNTER._BASIC_SC_RNA_COUNTER.SORT_BY_POS.fork0.chnk14.main
2019-01-30 08:20:06 [runtime] (split_complete)  ID.pbmc_1k_v3.SC_RNA_COUNTER_CS.SC_RNA_COUNTER._BASIC_SC_RNA_COUNTER.COUNT_GENES
2019-01-30 08:20:06 [runtime] (run:local)       ID.pbmc_1k_v3.SC_RNA_COUNTER_CS.SC_RNA_COUNTER._BASIC_SC_RNA_COUNTER.COUNT_GENES.fork0.chnk00.main
2019-01-30 08:20:06 [runtime] (run:local)       ID.pbmc_1k_v3.SC_RNA_COUNTER_CS.SC_RNA_COUNTER._BASIC_SC_RNA_COUNTER.COUNT_GENES.fork0.chnk01.main
2019-01-30 08:20:06 [runtime] (run:local)       ID.pbmc_1k_v3.SC_RNA_COUNTER_CS.SC_RNA_COUNTER._BASIC_SC_RNA_COUNTER.COUNT_GENES.fork0.chnk02.main
2019-01-30 08:20:06 [runtime] (run:local)       ID.pbmc_1k_v3.SC_RNA_COUNTER_CS.SC_RNA_COUNTER._BASIC_SC_RNA_COUNTER.COUNT_GENES.fork0.chnk03.main
2019-01-30 08:20:06 [runtime] (run:local)       ID.pbmc_1k_v3.SC_RNA_COUNTER_CS.SC_RNA_COUNTER._BASIC_SC_RNA_COUNTER.COUNT_GENES.fork0.chnk04.main
2019-01-30 08:20:06 [runtime] (run:local)       ID.pbmc_1k_v3.SC_RNA_COUNTER_CS.SC_RNA_COUNTER._BASIC_SC_RNA_COUNTER.COUNT_GENES.fork0.chnk05.main
2019-01-30 08:20:06 [runtime] (run:local)       ID.pbmc_1k_v3.SC_RNA_COUNTER_CS.SC_RNA_COUNTER._BASIC_SC_RNA_COUNTER.COUNT_GENES.fork0.chnk06.main
2019-01-30 08:20:06 [runtime] (run:local)       ID.pbmc_1k_v3.SC_RNA_COUNTER_CS.SC_RNA_COUNTER._BASIC_SC_RNA_COUNTER.COUNT_GENES.fork0.chnk07.main
2019-01-30 08:20:06 [runtime] (run:local)       ID.pbmc_1k_v3.SC_RNA_COUNTER_CS.SC_RNA_COUNTER._BASIC_SC_RNA_COUNTER.COUNT_GENES.fork0.chnk08.main
2019-01-30 08:20:06 [runtime] (run:local)       ID.pbmc_1k_v3.SC_RNA_COUNTER_CS.SC_RNA_COUNTER._BASIC_SC_RNA_COUNTER.COUNT_GENES.fork0.chnk09.main
2019-01-30 08:20:06 [runtime] (run:local)       ID.pbmc_1k_v3.SC_RNA_COUNTER_CS.SC_RNA_COUNTER._BASIC_SC_RNA_COUNTER.COUNT_GENES.fork0.chnk10.main
2019-01-30 08:20:06 [runtime] (run:local)       ID.pbmc_1k_v3.SC_RNA_COUNTER_CS.SC_RNA_COUNTER._BASIC_SC_RNA_COUNTER.COUNT_GENES.fork0.chnk11.main
2019-01-30 08:20:06 [runtime] (run:local)       ID.pbmc_1k_v3.SC_RNA_COUNTER_CS.SC_RNA_COUNTER._BASIC_SC_RNA_COUNTER.COUNT_GENES.fork0.chnk12.main
2019-01-30 08:20:06 [runtime] (run:local)       ID.pbmc_1k_v3.SC_RNA_COUNTER_CS.SC_RNA_COUNTER._BASIC_SC_RNA_COUNTER.COUNT_GENES.fork0.chnk13.main
2019-01-30 08:20:06 [runtime] (run:local)       ID.pbmc_1k_v3.SC_RNA_COUNTER_CS.SC_RNA_COUNTER._BASIC_SC_RNA_COUNTER.COUNT_GENES.fork0.chnk14.main
2019-01-30 08:24:33 [runtime] (chunks_complete) ID.pbmc_1k_v3.SC_RNA_COUNTER_CS.SC_RNA_COUNTER._BASIC_SC_RNA_COUNTER.SORT_BY_POS
2019-01-30 08:24:33 [runtime] (run:local)       ID.pbmc_1k_v3.SC_RNA_COUNTER_CS.SC_RNA_COUNTER._BASIC_SC_RNA_COUNTER.SORT_BY_POS.fork0.join
2019-01-30 08:25:45 [runtime] (update)          ID.pbmc_1k_v3.SC_RNA_COUNTER_CS.SC_RNA_COUNTER._BASIC_SC_RNA_COUNTER.COUNT_GENES.fork0 chunks running (0/15 completed)
2019-01-30 08:30:51 [runtime] (update)          ID.pbmc_1k_v3.SC_RNA_COUNTER_CS.SC_RNA_COUNTER._BASIC_SC_RNA_COUNTER.COUNT_GENES.fork0 chunks running (5/15 completed)
2019-01-30 08:35:58 [runtime] (update)          ID.pbmc_1k_v3.SC_RNA_COUNTER_CS.SC_RNA_COUNTER._BASIC_SC_RNA_COUNTER.COUNT_GENES.fork0 chunks running (10/15 completed)
2019-01-30 08:38:54 [runtime] (update)          ID.pbmc_1k_v3.SC_RNA_COUNTER_CS.SC_RNA_COUNTER._BASIC_SC_RNA_COUNTER.SORT_BY_POS.fork0 join_running
2019-01-30 08:40:40 [runtime] (chunks_complete) ID.pbmc_1k_v3.SC_RNA_COUNTER_CS.SC_RNA_COUNTER._BASIC_SC_RNA_COUNTER.COUNT_GENES
2019-01-30 08:40:40 [runtime] (run:local)       ID.pbmc_1k_v3.SC_RNA_COUNTER_CS.SC_RNA_COUNTER._BASIC_SC_RNA_COUNTER.COUNT_GENES.fork0.join
2019-01-30 08:44:53 [runtime] (update)          ID.pbmc_1k_v3.SC_RNA_COUNTER_CS.SC_RNA_COUNTER._BASIC_SC_RNA_COUNTER.SORT_BY_POS.fork0 join_running
2019-01-30 08:45:35 [runtime] (join_complete)   ID.pbmc_1k_v3.SC_RNA_COUNTER_CS.SC_RNA_COUNTER._BASIC_SC_RNA_COUNTER.SORT_BY_POS
2019-01-30 08:46:42 [runtime] (update)          ID.pbmc_1k_v3.SC_RNA_COUNTER_CS.SC_RNA_COUNTER._BASIC_SC_RNA_COUNTER.COUNT_GENES.fork0 join_running
2019-01-30 08:48:03 [runtime] (join_complete)   ID.pbmc_1k_v3.SC_RNA_COUNTER_CS.SC_RNA_COUNTER._BASIC_SC_RNA_COUNTER.COUNT_GENES
2019-01-30 08:48:04 [runtime] (ready)           ID.pbmc_1k_v3.SC_RNA_COUNTER_CS.SC_RNA_COUNTER._BASIC_SC_RNA_COUNTER.FILTER_BARCODES
2019-01-30 08:48:04 [runtime] (run:local)       ID.pbmc_1k_v3.SC_RNA_COUNTER_CS.SC_RNA_COUNTER._BASIC_SC_RNA_COUNTER.FILTER_BARCODES.fork0.split
2019-01-30 08:48:05 [runtime] (split_complete)  ID.pbmc_1k_v3.SC_RNA_COUNTER_CS.SC_RNA_COUNTER._BASIC_SC_RNA_COUNTER.FILTER_BARCODES
2019-01-30 08:48:05 [runtime] (run:local)       ID.pbmc_1k_v3.SC_RNA_COUNTER_CS.SC_RNA_COUNTER._BASIC_SC_RNA_COUNTER.FILTER_BARCODES.fork0.join
2019-01-30 08:51:24 [runtime] (join_complete)   ID.pbmc_1k_v3.SC_RNA_COUNTER_CS.SC_RNA_COUNTER._BASIC_SC_RNA_COUNTER.FILTER_BARCODES
2019-01-30 08:51:24 [runtime] (ready)           ID.pbmc_1k_v3.SC_RNA_COUNTER_CS.SC_RNA_COUNTER._BASIC_SC_RNA_COUNTER.REPORT_MOLECULES
2019-01-30 08:51:24 [runtime] (run:local)       ID.pbmc_1k_v3.SC_RNA_COUNTER_CS.SC_RNA_COUNTER._BASIC_SC_RNA_COUNTER.REPORT_MOLECULES.fork0.split
2019-01-30 08:51:24 [runtime] (ready)           ID.pbmc_1k_v3.SC_RNA_COUNTER_CS.SC_RNA_COUNTER.SC_RNA_ANALYZER.ANALYZER_PREFLIGHT
2019-01-30 08:51:24 [runtime] (run:local)       ID.pbmc_1k_v3.SC_RNA_COUNTER_CS.SC_RNA_COUNTER.SC_RNA_ANALYZER.ANALYZER_PREFLIGHT.fork0.chnk0.main
2019-01-30 08:51:25 [runtime] (split_complete)  ID.pbmc_1k_v3.SC_RNA_COUNTER_CS.SC_RNA_COUNTER._BASIC_SC_RNA_COUNTER.REPORT_MOLECULES
2019-01-30 08:51:25 [runtime] (run:local)       ID.pbmc_1k_v3.SC_RNA_COUNTER_CS.SC_RNA_COUNTER._BASIC_SC_RNA_COUNTER.REPORT_MOLECULES.fork0.chnk00.main
2019-01-30 08:51:25 [runtime] (run:local)       ID.pbmc_1k_v3.SC_RNA_COUNTER_CS.SC_RNA_COUNTER._BASIC_SC_RNA_COUNTER.REPORT_MOLECULES.fork0.chnk01.main
2019-01-30 08:51:25 [runtime] (run:local)       ID.pbmc_1k_v3.SC_RNA_COUNTER_CS.SC_RNA_COUNTER._BASIC_SC_RNA_COUNTER.REPORT_MOLECULES.fork0.chnk02.main
2019-01-30 08:51:25 [runtime] (run:local)       ID.pbmc_1k_v3.SC_RNA_COUNTER_CS.SC_RNA_COUNTER._BASIC_SC_RNA_COUNTER.REPORT_MOLECULES.fork0.chnk03.main
2019-01-30 08:51:25 [runtime] (run:local)       ID.pbmc_1k_v3.SC_RNA_COUNTER_CS.SC_RNA_COUNTER._BASIC_SC_RNA_COUNTER.REPORT_MOLECULES.fork0.chnk04.main
2019-01-30 08:51:25 [runtime] (run:local)       ID.pbmc_1k_v3.SC_RNA_COUNTER_CS.SC_RNA_COUNTER._BASIC_SC_RNA_COUNTER.REPORT_MOLECULES.fork0.chnk05.main
2019-01-30 08:51:25 [runtime] (run:local)       ID.pbmc_1k_v3.SC_RNA_COUNTER_CS.SC_RNA_COUNTER._BASIC_SC_RNA_COUNTER.REPORT_MOLECULES.fork0.chnk06.main
2019-01-30 08:51:25 [runtime] (run:local)       ID.pbmc_1k_v3.SC_RNA_COUNTER_CS.SC_RNA_COUNTER._BASIC_SC_RNA_COUNTER.REPORT_MOLECULES.fork0.chnk07.main
2019-01-30 08:51:25 [runtime] (run:local)       ID.pbmc_1k_v3.SC_RNA_COUNTER_CS.SC_RNA_COUNTER._BASIC_SC_RNA_COUNTER.REPORT_MOLECULES.fork0.chnk08.main
2019-01-30 08:51:25 [runtime] (run:local)       ID.pbmc_1k_v3.SC_RNA_COUNTER_CS.SC_RNA_COUNTER._BASIC_SC_RNA_COUNTER.REPORT_MOLECULES.fork0.chnk09.main
2019-01-30 08:51:25 [runtime] (run:local)       ID.pbmc_1k_v3.SC_RNA_COUNTER_CS.SC_RNA_COUNTER._BASIC_SC_RNA_COUNTER.REPORT_MOLECULES.fork0.chnk10.main
2019-01-30 08:51:25 [runtime] (run:local)       ID.pbmc_1k_v3.SC_RNA_COUNTER_CS.SC_RNA_COUNTER._BASIC_SC_RNA_COUNTER.REPORT_MOLECULES.fork0.chnk11.main
2019-01-30 08:51:25 [runtime] (run:local)       ID.pbmc_1k_v3.SC_RNA_COUNTER_CS.SC_RNA_COUNTER._BASIC_SC_RNA_COUNTER.REPORT_MOLECULES.fork0.chnk12.main
2019-01-30 08:51:25 [runtime] (run:local)       ID.pbmc_1k_v3.SC_RNA_COUNTER_CS.SC_RNA_COUNTER._BASIC_SC_RNA_COUNTER.REPORT_MOLECULES.fork0.chnk13.main
2019-01-30 08:51:25 [runtime] (run:local)       ID.pbmc_1k_v3.SC_RNA_COUNTER_CS.SC_RNA_COUNTER._BASIC_SC_RNA_COUNTER.REPORT_MOLECULES.fork0.chnk14.main
2019-01-30 08:51:25 [runtime] (chunks_complete) ID.pbmc_1k_v3.SC_RNA_COUNTER_CS.SC_RNA_COUNTER.SC_RNA_ANALYZER.ANALYZER_PREFLIGHT
2019-01-30 08:51:25 [runtime] (ready)           ID.pbmc_1k_v3.SC_RNA_COUNTER_CS.SC_RNA_COUNTER.SC_RNA_ANALYZER.PREPROCESS_MATRIX
2019-01-30 08:51:25 [runtime] (run:local)       ID.pbmc_1k_v3.SC_RNA_COUNTER_CS.SC_RNA_COUNTER.SC_RNA_ANALYZER.PREPROCESS_MATRIX.fork0.split
2019-01-30 08:57:38 [runtime] (update)          ID.pbmc_1k_v3.SC_RNA_COUNTER_CS.SC_RNA_COUNTER._BASIC_SC_RNA_COUNTER.REPORT_MOLECULES.fork0 chunks running (6/15 completed)
2019-01-30 09:00:45 [runtime] (split_complete)  ID.pbmc_1k_v3.SC_RNA_COUNTER_CS.SC_RNA_COUNTER.SC_RNA_ANALYZER.PREPROCESS_MATRIX
2019-01-30 09:00:45 [runtime] (run:local)       ID.pbmc_1k_v3.SC_RNA_COUNTER_CS.SC_RNA_COUNTER.SC_RNA_ANALYZER.PREPROCESS_MATRIX.fork0.join
2019-01-30 09:00:49 [runtime] (join_complete)   ID.pbmc_1k_v3.SC_RNA_COUNTER_CS.SC_RNA_COUNTER.SC_RNA_ANALYZER.PREPROCESS_MATRIX
2019-01-30 09:00:49 [runtime] (ready)           ID.pbmc_1k_v3.SC_RNA_COUNTER_CS.SC_RNA_COUNTER.SC_RNA_ANALYZER.RUN_MULTIGENOME_ANALYSIS
2019-01-30 09:00:49 [runtime] (run:local)       ID.pbmc_1k_v3.SC_RNA_COUNTER_CS.SC_RNA_COUNTER.SC_RNA_ANALYZER.RUN_MULTIGENOME_ANALYSIS.fork0.split
2019-01-30 09:00:49 [runtime] (ready)           ID.pbmc_1k_v3.SC_RNA_COUNTER_CS.SC_RNA_COUNTER.SC_RNA_ANALYZER.RUN_FBPCA
2019-01-30 09:00:49 [runtime] (disabled)        ID.pbmc_1k_v3.SC_RNA_COUNTER_CS.SC_RNA_COUNTER.SC_RNA_ANALYZER.RUN_FBPCA
2019-01-30 09:00:49 [runtime] (ready)           ID.pbmc_1k_v3.SC_RNA_COUNTER_CS.SC_RNA_COUNTER.SC_RNA_ANALYZER.RUN_PCA
2019-01-30 09:00:49 [runtime] (run:local)       ID.pbmc_1k_v3.SC_RNA_COUNTER_CS.SC_RNA_COUNTER.SC_RNA_ANALYZER.RUN_PCA.fork0.split
2019-01-30 09:00:49 [runtime] (ready)           ID.pbmc_1k_v3.SC_RNA_COUNTER_CS.SC_RNA_COUNTER.SC_RNA_ANALYZER.CORRECT_CHEMISTRY_BATCH
2019-01-30 09:00:49 [runtime] (disabled)        ID.pbmc_1k_v3.SC_RNA_COUNTER_CS.SC_RNA_COUNTER.SC_RNA_ANALYZER.CORRECT_CHEMISTRY_BATCH
2019-01-30 09:00:50 [runtime] (split_complete)  ID.pbmc_1k_v3.SC_RNA_COUNTER_CS.SC_RNA_COUNTER.SC_RNA_ANALYZER.RUN_PCA
2019-01-30 09:00:50 [runtime] (run:local)       ID.pbmc_1k_v3.SC_RNA_COUNTER_CS.SC_RNA_COUNTER.SC_RNA_ANALYZER.RUN_PCA.fork0.chnk0.main
2019-01-30 09:00:50 [runtime] (split_complete)  ID.pbmc_1k_v3.SC_RNA_COUNTER_CS.SC_RNA_COUNTER.SC_RNA_ANALYZER.RUN_MULTIGENOME_ANALYSIS
2019-01-30 09:00:50 [runtime] (run:local)       ID.pbmc_1k_v3.SC_RNA_COUNTER_CS.SC_RNA_COUNTER.SC_RNA_ANALYZER.RUN_MULTIGENOME_ANALYSIS.fork0.join
2019-01-30 09:01:32 [runtime] (join_complete)   ID.pbmc_1k_v3.SC_RNA_COUNTER_CS.SC_RNA_COUNTER.SC_RNA_ANALYZER.RUN_MULTIGENOME_ANALYSIS
2019-01-30 09:01:37 [runtime] (chunks_complete) ID.pbmc_1k_v3.SC_RNA_COUNTER_CS.SC_RNA_COUNTER.SC_RNA_ANALYZER.RUN_PCA
2019-01-30 09:01:37 [runtime] (run:local)       ID.pbmc_1k_v3.SC_RNA_COUNTER_CS.SC_RNA_COUNTER.SC_RNA_ANALYZER.RUN_PCA.fork0.join
2019-01-30 09:01:38 [runtime] (join_complete)   ID.pbmc_1k_v3.SC_RNA_COUNTER_CS.SC_RNA_COUNTER.SC_RNA_ANALYZER.RUN_PCA
2019-01-30 09:01:38 [runtime] (ready)           ID.pbmc_1k_v3.SC_RNA_COUNTER_CS.SC_RNA_COUNTER.SC_RNA_ANALYZER.CHOOSE_DIMENSION_REDUCTION_OUTPUT
2019-01-30 09:01:38 [runtime] (run:local)       ID.pbmc_1k_v3.SC_RNA_COUNTER_CS.SC_RNA_COUNTER.SC_RNA_ANALYZER.CHOOSE_DIMENSION_REDUCTION_OUTPUT.fork0.chnk0.main
2019-01-30 09:01:38 [runtime] (chunks_complete) ID.pbmc_1k_v3.SC_RNA_COUNTER_CS.SC_RNA_COUNTER.SC_RNA_ANALYZER.CHOOSE_DIMENSION_REDUCTION_OUTPUT
2019-01-30 09:01:38 [runtime] (ready)           ID.pbmc_1k_v3.SC_RNA_COUNTER_CS.SC_RNA_COUNTER.SC_RNA_ANALYZER.RUN_GRAPH_CLUSTERING
2019-01-30 09:01:38 [runtime] (run:local)       ID.pbmc_1k_v3.SC_RNA_COUNTER_CS.SC_RNA_COUNTER.SC_RNA_ANALYZER.RUN_GRAPH_CLUSTERING.fork0.split
2019-01-30 09:01:38 [runtime] (ready)           ID.pbmc_1k_v3.SC_RNA_COUNTER_CS.SC_RNA_COUNTER.SC_RNA_ANALYZER.RUN_KMEANS
2019-01-30 09:01:38 [runtime] (run:local)       ID.pbmc_1k_v3.SC_RNA_COUNTER_CS.SC_RNA_COUNTER.SC_RNA_ANALYZER.RUN_KMEANS.fork0.split
2019-01-30 09:01:38 [runtime] (ready)           ID.pbmc_1k_v3.SC_RNA_COUNTER_CS.SC_RNA_COUNTER.SC_RNA_ANALYZER.RUN_TSNE
2019-01-30 09:01:38 [runtime] (run:local)       ID.pbmc_1k_v3.SC_RNA_COUNTER_CS.SC_RNA_COUNTER.SC_RNA_ANALYZER.RUN_TSNE.fork0.split
2019-01-30 09:01:39 [runtime] (split_complete)  ID.pbmc_1k_v3.SC_RNA_COUNTER_CS.SC_RNA_COUNTER.SC_RNA_ANALYZER.RUN_KMEANS
2019-01-30 09:01:39 [runtime] (run:local)       ID.pbmc_1k_v3.SC_RNA_COUNTER_CS.SC_RNA_COUNTER.SC_RNA_ANALYZER.RUN_KMEANS.fork0.chnk0.main
2019-01-30 09:01:39 [runtime] (run:local)       ID.pbmc_1k_v3.SC_RNA_COUNTER_CS.SC_RNA_COUNTER.SC_RNA_ANALYZER.RUN_KMEANS.fork0.chnk1.main
2019-01-30 09:01:39 [runtime] (run:local)       ID.pbmc_1k_v3.SC_RNA_COUNTER_CS.SC_RNA_COUNTER.SC_RNA_ANALYZER.RUN_KMEANS.fork0.chnk2.main
2019-01-30 09:01:39 [runtime] (run:local)       ID.pbmc_1k_v3.SC_RNA_COUNTER_CS.SC_RNA_COUNTER.SC_RNA_ANALYZER.RUN_KMEANS.fork0.chnk3.main
2019-01-30 09:01:39 [runtime] (run:local)       ID.pbmc_1k_v3.SC_RNA_COUNTER_CS.SC_RNA_COUNTER.SC_RNA_ANALYZER.RUN_KMEANS.fork0.chnk4.main
2019-01-30 09:01:39 [runtime] (run:local)       ID.pbmc_1k_v3.SC_RNA_COUNTER_CS.SC_RNA_COUNTER.SC_RNA_ANALYZER.RUN_KMEANS.fork0.chnk5.main
2019-01-30 09:01:39 [runtime] (run:local)       ID.pbmc_1k_v3.SC_RNA_COUNTER_CS.SC_RNA_COUNTER.SC_RNA_ANALYZER.RUN_KMEANS.fork0.chnk6.main
2019-01-30 09:01:39 [runtime] (run:local)       ID.pbmc_1k_v3.SC_RNA_COUNTER_CS.SC_RNA_COUNTER.SC_RNA_ANALYZER.RUN_KMEANS.fork0.chnk7.main
2019-01-30 09:01:39 [runtime] (run:local)       ID.pbmc_1k_v3.SC_RNA_COUNTER_CS.SC_RNA_COUNTER.SC_RNA_ANALYZER.RUN_KMEANS.fork0.chnk8.main
2019-01-30 09:01:39 [runtime] (split_complete)  ID.pbmc_1k_v3.SC_RNA_COUNTER_CS.SC_RNA_COUNTER.SC_RNA_ANALYZER.RUN_GRAPH_CLUSTERING
2019-01-30 09:01:39 [runtime] (run:local)       ID.pbmc_1k_v3.SC_RNA_COUNTER_CS.SC_RNA_COUNTER.SC_RNA_ANALYZER.RUN_GRAPH_CLUSTERING.fork0.chnk0.main
2019-01-30 09:01:39 [runtime] (split_complete)  ID.pbmc_1k_v3.SC_RNA_COUNTER_CS.SC_RNA_COUNTER.SC_RNA_ANALYZER.RUN_TSNE
2019-01-30 09:01:39 [runtime] (run:local)       ID.pbmc_1k_v3.SC_RNA_COUNTER_CS.SC_RNA_COUNTER.SC_RNA_ANALYZER.RUN_TSNE.fork0.chnk0.main
2019-01-30 09:01:44 [runtime] (chunks_complete) ID.pbmc_1k_v3.SC_RNA_COUNTER_CS.SC_RNA_COUNTER.SC_RNA_ANALYZER.RUN_GRAPH_CLUSTERING
2019-01-30 09:01:44 [runtime] (run:local)       ID.pbmc_1k_v3.SC_RNA_COUNTER_CS.SC_RNA_COUNTER.SC_RNA_ANALYZER.RUN_GRAPH_CLUSTERING.fork0.join
2019-01-30 09:01:44 [runtime] (chunks_complete) ID.pbmc_1k_v3.SC_RNA_COUNTER_CS.SC_RNA_COUNTER.SC_RNA_ANALYZER.RUN_KMEANS
2019-01-30 09:01:44 [runtime] (run:local)       ID.pbmc_1k_v3.SC_RNA_COUNTER_CS.SC_RNA_COUNTER.SC_RNA_ANALYZER.RUN_KMEANS.fork0.join
2019-01-30 09:01:46 [runtime] (join_complete)   ID.pbmc_1k_v3.SC_RNA_COUNTER_CS.SC_RNA_COUNTER.SC_RNA_ANALYZER.RUN_KMEANS
2019-01-30 09:01:48 [runtime] (join_complete)   ID.pbmc_1k_v3.SC_RNA_COUNTER_CS.SC_RNA_COUNTER.SC_RNA_ANALYZER.RUN_GRAPH_CLUSTERING
2019-01-30 09:01:48 [runtime] (chunks_complete) ID.pbmc_1k_v3.SC_RNA_COUNTER_CS.SC_RNA_COUNTER.SC_RNA_ANALYZER.RUN_TSNE
2019-01-30 09:01:48 [runtime] (run:local)       ID.pbmc_1k_v3.SC_RNA_COUNTER_CS.SC_RNA_COUNTER.SC_RNA_ANALYZER.RUN_TSNE.fork0.join
2019-01-30 09:01:48 [runtime] (ready)           ID.pbmc_1k_v3.SC_RNA_COUNTER_CS.SC_RNA_COUNTER.SC_RNA_ANALYZER.MERGE_CLUSTERS
2019-01-30 09:01:48 [runtime] (run:local)       ID.pbmc_1k_v3.SC_RNA_COUNTER_CS.SC_RNA_COUNTER.SC_RNA_ANALYZER.MERGE_CLUSTERS.fork0.split
2019-01-30 09:01:49 [runtime] (split_complete)  ID.pbmc_1k_v3.SC_RNA_COUNTER_CS.SC_RNA_COUNTER.SC_RNA_ANALYZER.MERGE_CLUSTERS
2019-01-30 09:01:49 [runtime] (run:local)       ID.pbmc_1k_v3.SC_RNA_COUNTER_CS.SC_RNA_COUNTER.SC_RNA_ANALYZER.MERGE_CLUSTERS.fork0.chnk0.main
2019-01-30 09:01:49 [runtime] (join_complete)   ID.pbmc_1k_v3.SC_RNA_COUNTER_CS.SC_RNA_COUNTER.SC_RNA_ANALYZER.RUN_TSNE
2019-01-30 09:01:50 [runtime] (chunks_complete) ID.pbmc_1k_v3.SC_RNA_COUNTER_CS.SC_RNA_COUNTER.SC_RNA_ANALYZER.MERGE_CLUSTERS
2019-01-30 09:01:50 [runtime] (run:local)       ID.pbmc_1k_v3.SC_RNA_COUNTER_CS.SC_RNA_COUNTER.SC_RNA_ANALYZER.MERGE_CLUSTERS.fork0.join
2019-01-30 09:01:56 [runtime] (join_complete)   ID.pbmc_1k_v3.SC_RNA_COUNTER_CS.SC_RNA_COUNTER.SC_RNA_ANALYZER.MERGE_CLUSTERS
2019-01-30 09:01:56 [runtime] (ready)           ID.pbmc_1k_v3.SC_RNA_COUNTER_CS.SC_RNA_COUNTER.SC_RNA_ANALYZER.COMBINE_CLUSTERING
2019-01-30 09:01:56 [runtime] (run:local)       ID.pbmc_1k_v3.SC_RNA_COUNTER_CS.SC_RNA_COUNTER.SC_RNA_ANALYZER.COMBINE_CLUSTERING.fork0.chnk0.main
2019-01-30 09:01:57 [runtime] (chunks_complete) ID.pbmc_1k_v3.SC_RNA_COUNTER_CS.SC_RNA_COUNTER.SC_RNA_ANALYZER.COMBINE_CLUSTERING
2019-01-30 09:01:57 [runtime] (ready)           ID.pbmc_1k_v3.SC_RNA_COUNTER_CS.SC_RNA_COUNTER.SC_RNA_ANALYZER.RUN_DIFFERENTIAL_EXPRESSION
2019-01-30 09:01:57 [runtime] (run:local)       ID.pbmc_1k_v3.SC_RNA_COUNTER_CS.SC_RNA_COUNTER.SC_RNA_ANALYZER.RUN_DIFFERENTIAL_EXPRESSION.fork0.split
2019-01-30 09:01:57 [runtime] (split_complete)  ID.pbmc_1k_v3.SC_RNA_COUNTER_CS.SC_RNA_COUNTER.SC_RNA_ANALYZER.RUN_DIFFERENTIAL_EXPRESSION
2019-01-30 09:01:57 [runtime] (run:local)       ID.pbmc_1k_v3.SC_RNA_COUNTER_CS.SC_RNA_COUNTER.SC_RNA_ANALYZER.RUN_DIFFERENTIAL_EXPRESSION.fork0.chnk00.main
2019-01-30 09:01:57 [runtime] (run:local)       ID.pbmc_1k_v3.SC_RNA_COUNTER_CS.SC_RNA_COUNTER.SC_RNA_ANALYZER.RUN_DIFFERENTIAL_EXPRESSION.fork0.chnk01.main
2019-01-30 09:01:57 [runtime] (run:local)       ID.pbmc_1k_v3.SC_RNA_COUNTER_CS.SC_RNA_COUNTER.SC_RNA_ANALYZER.RUN_DIFFERENTIAL_EXPRESSION.fork0.chnk02.main
2019-01-30 09:01:57 [runtime] (run:local)       ID.pbmc_1k_v3.SC_RNA_COUNTER_CS.SC_RNA_COUNTER.SC_RNA_ANALYZER.RUN_DIFFERENTIAL_EXPRESSION.fork0.chnk03.main
2019-01-30 09:01:57 [runtime] (run:local)       ID.pbmc_1k_v3.SC_RNA_COUNTER_CS.SC_RNA_COUNTER.SC_RNA_ANALYZER.RUN_DIFFERENTIAL_EXPRESSION.fork0.chnk04.main
2019-01-30 09:01:57 [runtime] (run:local)       ID.pbmc_1k_v3.SC_RNA_COUNTER_CS.SC_RNA_COUNTER.SC_RNA_ANALYZER.RUN_DIFFERENTIAL_EXPRESSION.fork0.chnk05.main
2019-01-30 09:01:57 [runtime] (run:local)       ID.pbmc_1k_v3.SC_RNA_COUNTER_CS.SC_RNA_COUNTER.SC_RNA_ANALYZER.RUN_DIFFERENTIAL_EXPRESSION.fork0.chnk06.main
2019-01-30 09:01:57 [runtime] (run:local)       ID.pbmc_1k_v3.SC_RNA_COUNTER_CS.SC_RNA_COUNTER.SC_RNA_ANALYZER.RUN_DIFFERENTIAL_EXPRESSION.fork0.chnk07.main
2019-01-30 09:01:57 [runtime] (run:local)       ID.pbmc_1k_v3.SC_RNA_COUNTER_CS.SC_RNA_COUNTER.SC_RNA_ANALYZER.RUN_DIFFERENTIAL_EXPRESSION.fork0.chnk08.main
2019-01-30 09:01:57 [runtime] (run:local)       ID.pbmc_1k_v3.SC_RNA_COUNTER_CS.SC_RNA_COUNTER.SC_RNA_ANALYZER.RUN_DIFFERENTIAL_EXPRESSION.fork0.chnk09.main
2019-01-30 09:02:47 [runtime] (update)          ID.pbmc_1k_v3.SC_RNA_COUNTER_CS.SC_RNA_COUNTER._BASIC_SC_RNA_COUNTER.REPORT_MOLECULES.fork0 chunks running (14/15 completed)
2019-01-30 09:03:14 [runtime] (chunks_complete) ID.pbmc_1k_v3.SC_RNA_COUNTER_CS.SC_RNA_COUNTER._BASIC_SC_RNA_COUNTER.REPORT_MOLECULES
2019-01-30 09:03:14 [runtime] (run:local)       ID.pbmc_1k_v3.SC_RNA_COUNTER_CS.SC_RNA_COUNTER._BASIC_SC_RNA_COUNTER.REPORT_MOLECULES.fork0.join
2019-01-30 09:04:42 [runtime] (chunks_complete) ID.pbmc_1k_v3.SC_RNA_COUNTER_CS.SC_RNA_COUNTER.SC_RNA_ANALYZER.RUN_DIFFERENTIAL_EXPRESSION
2019-01-30 09:04:42 [runtime] (run:local)       ID.pbmc_1k_v3.SC_RNA_COUNTER_CS.SC_RNA_COUNTER.SC_RNA_ANALYZER.RUN_DIFFERENTIAL_EXPRESSION.fork0.join
2019-01-30 09:04:44 [runtime] (join_complete)   ID.pbmc_1k_v3.SC_RNA_COUNTER_CS.SC_RNA_COUNTER.SC_RNA_ANALYZER.RUN_DIFFERENTIAL_EXPRESSION
2019-01-30 09:04:44 [runtime] (ready)           ID.pbmc_1k_v3.SC_RNA_COUNTER_CS.SC_RNA_COUNTER.SC_RNA_ANALYZER.SUMMARIZE_ANALYSIS
2019-01-30 09:04:44 [runtime] (run:local)       ID.pbmc_1k_v3.SC_RNA_COUNTER_CS.SC_RNA_COUNTER.SC_RNA_ANALYZER.SUMMARIZE_ANALYSIS.fork0.split
2019-01-30 09:04:45 [runtime] (split_complete)  ID.pbmc_1k_v3.SC_RNA_COUNTER_CS.SC_RNA_COUNTER.SC_RNA_ANALYZER.SUMMARIZE_ANALYSIS
2019-01-30 09:04:45 [runtime] (run:local)       ID.pbmc_1k_v3.SC_RNA_COUNTER_CS.SC_RNA_COUNTER.SC_RNA_ANALYZER.SUMMARIZE_ANALYSIS.fork0.chnk0.main
2019-01-30 09:04:46 [runtime] (chunks_complete) ID.pbmc_1k_v3.SC_RNA_COUNTER_CS.SC_RNA_COUNTER.SC_RNA_ANALYZER.SUMMARIZE_ANALYSIS
2019-01-30 09:04:46 [runtime] (run:local)       ID.pbmc_1k_v3.SC_RNA_COUNTER_CS.SC_RNA_COUNTER.SC_RNA_ANALYZER.SUMMARIZE_ANALYSIS.fork0.join
2019-01-30 09:04:47 [runtime] (join_complete)   ID.pbmc_1k_v3.SC_RNA_COUNTER_CS.SC_RNA_COUNTER.SC_RNA_ANALYZER.SUMMARIZE_ANALYSIS
2019-01-30 09:05:08 [runtime] (join_complete)   ID.pbmc_1k_v3.SC_RNA_COUNTER_CS.SC_RNA_COUNTER._BASIC_SC_RNA_COUNTER.REPORT_MOLECULES
2019-01-30 09:05:09 [runtime] (ready)           ID.pbmc_1k_v3.SC_RNA_COUNTER_CS.SC_RNA_COUNTER._BASIC_SC_RNA_COUNTER.SUBSAMPLE_READS
2019-01-30 09:05:09 [runtime] (run:local)       ID.pbmc_1k_v3.SC_RNA_COUNTER_CS.SC_RNA_COUNTER._BASIC_SC_RNA_COUNTER.SUBSAMPLE_READS.fork0.split
2019-01-30 09:05:10 [runtime] (split_complete)  ID.pbmc_1k_v3.SC_RNA_COUNTER_CS.SC_RNA_COUNTER._BASIC_SC_RNA_COUNTER.SUBSAMPLE_READS
2019-01-30 09:05:10 [runtime] (run:local)       ID.pbmc_1k_v3.SC_RNA_COUNTER_CS.SC_RNA_COUNTER._BASIC_SC_RNA_COUNTER.SUBSAMPLE_READS.fork0.chnk0.main
2019-01-30 09:07:28 [runtime] (chunks_complete) ID.pbmc_1k_v3.SC_RNA_COUNTER_CS.SC_RNA_COUNTER._BASIC_SC_RNA_COUNTER.SUBSAMPLE_READS
2019-01-30 09:07:28 [runtime] (run:local)       ID.pbmc_1k_v3.SC_RNA_COUNTER_CS.SC_RNA_COUNTER._BASIC_SC_RNA_COUNTER.SUBSAMPLE_READS.fork0.join
2019-01-30 09:07:30 [runtime] (join_complete)   ID.pbmc_1k_v3.SC_RNA_COUNTER_CS.SC_RNA_COUNTER._BASIC_SC_RNA_COUNTER.SUBSAMPLE_READS
2019-01-30 09:07:30 [runtime] (ready)           ID.pbmc_1k_v3.SC_RNA_COUNTER_CS.SC_RNA_COUNTER._BASIC_SC_RNA_COUNTER.SUMMARIZE_BASIC_REPORTS
2019-01-30 09:07:30 [runtime] (run:local)       ID.pbmc_1k_v3.SC_RNA_COUNTER_CS.SC_RNA_COUNTER._BASIC_SC_RNA_COUNTER.SUMMARIZE_BASIC_REPORTS.fork0.split
2019-01-30 09:07:30 [runtime] (split_complete)  ID.pbmc_1k_v3.SC_RNA_COUNTER_CS.SC_RNA_COUNTER._BASIC_SC_RNA_COUNTER.SUMMARIZE_BASIC_REPORTS
2019-01-30 09:07:30 [runtime] (run:local)       ID.pbmc_1k_v3.SC_RNA_COUNTER_CS.SC_RNA_COUNTER._BASIC_SC_RNA_COUNTER.SUMMARIZE_BASIC_REPORTS.fork0.chnk0.main
2019-01-30 09:07:31 [runtime] (chunks_complete) ID.pbmc_1k_v3.SC_RNA_COUNTER_CS.SC_RNA_COUNTER._BASIC_SC_RNA_COUNTER.SUMMARIZE_BASIC_REPORTS
2019-01-30 09:07:31 [runtime] (run:local)       ID.pbmc_1k_v3.SC_RNA_COUNTER_CS.SC_RNA_COUNTER._BASIC_SC_RNA_COUNTER.SUMMARIZE_BASIC_REPORTS.fork0.join
2019-01-30 09:07:32 [runtime] (join_complete)   ID.pbmc_1k_v3.SC_RNA_COUNTER_CS.SC_RNA_COUNTER._BASIC_SC_RNA_COUNTER.SUMMARIZE_BASIC_REPORTS
2019-01-30 09:07:32 [runtime] (ready)           ID.pbmc_1k_v3.SC_RNA_COUNTER_CS.SC_RNA_COUNTER._CRISPR_ANALYZER.CALL_PROTOSPACERS
2019-01-30 09:07:32 [runtime] (disabled)        ID.pbmc_1k_v3.SC_RNA_COUNTER_CS.SC_RNA_COUNTER._CRISPR_ANALYZER.CALL_PROTOSPACERS
2019-01-30 09:07:32 [runtime] (ready)           ID.pbmc_1k_v3.SC_RNA_COUNTER_CS.SC_RNA_COUNTER.SUMMARIZE_REPORTS
2019-01-30 09:07:32 [runtime] (run:local)       ID.pbmc_1k_v3.SC_RNA_COUNTER_CS.SC_RNA_COUNTER.SUMMARIZE_REPORTS.fork0.split
2019-01-30 09:07:32 [runtime] (ready)           ID.pbmc_1k_v3.SC_RNA_COUNTER_CS.SC_RNA_COUNTER._CRISPR_ANALYZER._PERTURBATIONS_BY_TARGET
2019-01-30 09:07:32 [runtime] (disabled)        ID.pbmc_1k_v3.SC_RNA_COUNTER_CS.SC_RNA_COUNTER._CRISPR_ANALYZER._PERTURBATIONS_BY_TARGET
2019-01-30 09:07:32 [runtime] (ready)           ID.pbmc_1k_v3.SC_RNA_COUNTER_CS.SC_RNA_COUNTER._CRISPR_ANALYZER._PERTURBATIONS_BY_FEATURE
2019-01-30 09:07:32 [runtime] (disabled)        ID.pbmc_1k_v3.SC_RNA_COUNTER_CS.SC_RNA_COUNTER._CRISPR_ANALYZER._PERTURBATIONS_BY_FEATURE
2019-01-30 09:07:32 [runtime] (ready)           ID.pbmc_1k_v3.SC_RNA_COUNTER_CS.SC_RNA_COUNTER._CRISPR_ANALYZER.SUMMARIZE_CRISPR_ANALYSIS
2019-01-30 09:07:32 [runtime] (disabled)        ID.pbmc_1k_v3.SC_RNA_COUNTER_CS.SC_RNA_COUNTER._CRISPR_ANALYZER.SUMMARIZE_CRISPR_ANALYSIS
2019-01-30 09:07:32 [runtime] (disabled)        ID.pbmc_1k_v3.SC_RNA_COUNTER_CS.SC_RNA_COUNTER._CRISPR_ANALYZER
2019-01-30 09:07:33 [runtime] (split_complete)  ID.pbmc_1k_v3.SC_RNA_COUNTER_CS.SC_RNA_COUNTER.SUMMARIZE_REPORTS
2019-01-30 09:07:33 [runtime] (run:local)       ID.pbmc_1k_v3.SC_RNA_COUNTER_CS.SC_RNA_COUNTER.SUMMARIZE_REPORTS.fork0.chnk0.main
2019-01-30 09:07:46 [runtime] (chunks_complete) ID.pbmc_1k_v3.SC_RNA_COUNTER_CS.SC_RNA_COUNTER.SUMMARIZE_REPORTS
2019-01-30 09:07:46 [runtime] (run:local)       ID.pbmc_1k_v3.SC_RNA_COUNTER_CS.SC_RNA_COUNTER.SUMMARIZE_REPORTS.fork0.join
2019-01-30 09:07:47 [runtime] (join_complete)   ID.pbmc_1k_v3.SC_RNA_COUNTER_CS.SC_RNA_COUNTER.SUMMARIZE_REPORTS
2019-01-30 09:07:47 [runtime] (ready)           ID.pbmc_1k_v3.SC_RNA_COUNTER_CS.CLOUPE_PREPROCESS
2019-01-30 09:07:47 [runtime] (run:local)       ID.pbmc_1k_v3.SC_RNA_COUNTER_CS.CLOUPE_PREPROCESS.fork0.split
2019-01-30 09:07:47 [runtime] (split_complete)  ID.pbmc_1k_v3.SC_RNA_COUNTER_CS.CLOUPE_PREPROCESS
2019-01-30 09:07:47 [runtime] (run:local)       ID.pbmc_1k_v3.SC_RNA_COUNTER_CS.CLOUPE_PREPROCESS.fork0.chnk0.main
2019-01-30 09:07:58 [runtime] (chunks_complete) ID.pbmc_1k_v3.SC_RNA_COUNTER_CS.CLOUPE_PREPROCESS
2019-01-30 09:07:58 [runtime] (run:local)       ID.pbmc_1k_v3.SC_RNA_COUNTER_CS.CLOUPE_PREPROCESS.fork0.join
2019-01-30 09:07:59 [runtime] (join_complete)   ID.pbmc_1k_v3.SC_RNA_COUNTER_CS.CLOUPE_PREPROCESS

Outputs:
- Run summary HTML:                         /work/pbmc_1k_v3/outs/web_summary.html
- Run summary CSV:                          /work/pbmc_1k_v3/outs/metrics_summary.csv
- BAM:                                      /work/pbmc_1k_v3/outs/possorted_genome_bam.bam
- BAM index:                                /work/pbmc_1k_v3/outs/possorted_genome_bam.bam.bai
- Filtered feature-barcode matrices MEX:    /work/pbmc_1k_v3/outs/filtered_feature_bc_matrix
- Filtered feature-barcode matrices HDF5:   /work/pbmc_1k_v3/outs/filtered_feature_bc_matrix.h5
- Unfiltered feature-barcode matrices MEX:  /work/pbmc_1k_v3/outs/raw_feature_bc_matrix
- Unfiltered feature-barcode matrices HDF5: /work/pbmc_1k_v3/outs/raw_feature_bc_matrix.h5
- Secondary analysis output CSV:            /work/pbmc_1k_v3/outs/analysis
- Per-molecule read information:            /work/pbmc_1k_v3/outs/molecule_info.h5
- CRISPR-specific analysis:                 null
- Loupe Cell Browser file:                  /work/pbmc_1k_v3/outs/cloupe.cloupe

Waiting 6 seconds for UI to do final refresh.
Pipestance completed successfully!

2019-01-30 09:08:05 Shutting down.
Saving pipestance info to pbmc_1k_v3/pbmc_1k_v3.mri.tgz
